c:\users\wb27\desktop\api\mfcapplication1\mfcapplication1\debug\mfcapplication1.pch
c:\users\wb27\desktop\api\mfcapplication1\mfcapplication1\debug\vc120.pdb
c:\users\wb27\desktop\api\mfcapplication1\mfcapplication1\debug\vc120.idb
c:\users\wb27\desktop\api\mfcapplication1\mfcapplication1\debug\stdafx.obj
c:\users\wb27\desktop\api\mfcapplication1\mfcapplication1\debug\bottomformview.obj
c:\users\wb27\desktop\api\mfcapplication1\mfcapplication1\debug\leftformview.obj
c:\users\wb27\desktop\api\mfcapplication1\mfcapplication1\debug\leftview.obj
c:\users\wb27\desktop\api\mfcapplication1\mfcapplication1\debug\mainfrm.obj
c:\users\wb27\desktop\api\mfcapplication1\mfcapplication1\debug\mfcapplication1.obj
c:\users\wb27\desktop\api\mfcapplication1\mfcapplication1\debug\mfcapplication1doc.obj
c:\users\wb27\desktop\api\mfcapplication1\mfcapplication1\debug\mfcapplication1view.obj
c:\users\wb27\desktop\api\mfcapplication1\debug\mfcapplication1.ilk
c:\users\wb27\desktop\api\mfcapplication1\debug\mfcapplication1.exe
c:\users\wb27\desktop\api\mfcapplication1\debug\mfcapplication1.pdb
c:\users\wb27\desktop\api\mfcapplication1\mfcapplication1\debug\mfcapplication1.res
c:\users\wb27\desktop\api\mfcapplication1\mfcapplication1\debug\mfcapplication1.tlog\cl.command.1.tlog
c:\users\wb27\desktop\api\mfcapplication1\mfcapplication1\debug\mfcapplication1.tlog\cl.read.1.tlog
c:\users\wb27\desktop\api\mfcapplication1\mfcapplication1\debug\mfcapplication1.tlog\cl.write.1.tlog
c:\users\wb27\desktop\api\mfcapplication1\mfcapplication1\debug\mfcapplication1.tlog\link.command.1.tlog
c:\users\wb27\desktop\api\mfcapplication1\mfcapplication1\debug\mfcapplication1.tlog\link.read.1.tlog
c:\users\wb27\desktop\api\mfcapplication1\mfcapplication1\debug\mfcapplication1.tlog\link.write.1.tlog
c:\users\wb27\desktop\api\mfcapplication1\mfcapplication1\debug\mfcapplication1.tlog\rc.command.1.tlog
c:\users\wb27\desktop\api\mfcapplication1\mfcapplication1\debug\mfcapplication1.tlog\rc.read.1.tlog
c:\users\wb27\desktop\api\mfcapplication1\mfcapplication1\debug\mfcapplication1.tlog\rc.write.1.tlog
